<?xml version="1.0" encoding="UTF-8"?>
<!-- Generated by org.testng.reporters.JUnitXMLReporter -->
<testsuite ignored="1" hostname="tussar-PC" failures="0" tests="1" name="Default test" time="8.315" errors="0" timestamp="2021-03-08T12:01:29 IST">
  <testcase classname="qalaraOrderDetails.getOrderDetails" name="getOrder" time="8.264"/>
  <testcase classname="qalaraOrderDetails.getOrderDetails" name="changeOrder" time="0.0">
    <ignored/>
  </testcase> <!-- changeOrder -->
</testsuite> <!-- Default test -->
