<?xml version="1.0" encoding="UTF-8"?>
<!-- Generated by org.testng.reporters.JUnitXMLReporter -->
<testsuite ignored="1" hostname="DESKTOP-17LNK85" failures="0" tests="1" name="Test" time="9.688" errors="0" timestamp="2021-03-09T10:53:50 IST">
  <testcase classname="qalaraOrderDetails.getOrderDetails" name="getOrder" time="9.625"/>
  <testcase classname="qalaraOrderDetails.getOrderDetails" name="changeOrder" time="0.0">
    <ignored/>
  </testcase> <!-- changeOrder -->
</testsuite> <!-- Test -->
